<?xml version="1.0" encoding="UTF-8"?>
<!-- Generated by org.testng.reporters.JUnitXMLReporter -->
<testsuite hostname="DESKTOP-14J67HO" name="Test" tests="1" failures="1" timestamp="16 Feb 2020 10:06:35 GMT" time="13.718" errors="0">
  <testcase name="VerifyPageTitle" time="0.316" classname="com.qa.testcases.SimpleFormTestCase">
    <failure type="java.lang.AssertionError" message="expected:&amp;lt;Selenium Easy Demo - Simple Form to Automate using Selenium&amp;gt; but was:&amp;lt;ABC&amp;gt;">
      <![CDATA[java.lang.AssertionError: expected:<Selenium Easy Demo - Simple Form to Automate using Selenium> but was:<ABC>
	at com.qa.testcases.SimpleFormTestCase.VerifyPageTitle(SimpleFormTestCase.java:34)
... Removed 29 stack frames]]>
    </failure>
  </testcase> <!-- VerifyPageTitle -->
</testsuite> <!-- Test -->
